PAGfx Converter v0.10 -- by Mollusk -- resurrected by fincs -- forum.palib.info
If you have suggestions, problems or anything please come to the PAlib forums

Converting PAGfx.ini
Transparent Color: Magenta

2 sprites:
  mario: 256colors, 32x96, Pal: sprite0_Pal, -> mario_Sprite
  coin: 256colors, 8x8, Pal: sprite0_Pal, -> coin_Sprite

4 backgrounds:
  mario_world : EasyBg, 1024x256, Pal: mario_world_Pal, 16 tiles -> mario_world_Tiles and mario_world_Map
  hills : EasyBg, 768x256, Pal: hills_Pal, 39 tiles -> hills_Tiles and hills_Map
  back : EasyBg, 512x256, Pal: back_Pal, 4 tiles -> back_Tiles and back_Map
  platformcollisionmap2 : EasyBg, 1024x256, Pal: platformcollisionmap2_Pal, 3 tiles -> platformcollisionmap2_Tiles and platformcollisionmap2_Map

5 palettes:
  sprite0_Pal, 59 colors
  mario_world_Pal, 10 colors
  hills_Pal, 14 colors
  back_Pal, 6 colors
  platformcollisionmap2_Pal, 3 colors

Converted in 0 minutes and 0 seconds

Finished!
